  [1m[36mActiveRecord::SchemaMigration Load (29.2ms)[0m  [1mSELECT "schema_migrations".* FROM "schema_migrations"[0m
  [1m[35mActiveRecord::SchemaMigration Load (0.7ms)[0m  SELECT "schema_migrations".* FROM "schema_migrations"
  [1m[36m (9.7ms)[0m  [1mSELECT t2.oid::regclass::text AS to_table, a1.attname AS column, a2.attname AS primary_key, c.conname AS name, c.confupdtype AS on_update, c.confdeltype AS on_delete
FROM pg_constraint c
JOIN pg_class t1 ON c.conrelid = t1.oid
JOIN pg_class t2 ON c.confrelid = t2.oid
JOIN pg_attribute a1 ON a1.attnum = c.conkey[1] AND a1.attrelid = t1.oid
JOIN pg_attribute a2 ON a2.attnum = c.confkey[1] AND a2.attrelid = t2.oid
JOIN pg_namespace t3 ON c.connamespace = t3.oid
WHERE c.contype = 'f'
  AND t1.relname = 'widgets'
  AND t3.nspname = ANY (current_schemas(false))
ORDER BY c.conname
[0m
  [1m[36mActiveRecord::SchemaMigration Load (1.1ms)[0m  [1mSELECT "schema_migrations".* FROM "schema_migrations"[0m
  [1m[35mActiveRecord::SchemaMigration Load (0.7ms)[0m  SELECT "schema_migrations".* FROM "schema_migrations"
  [1m[36m (9.6ms)[0m  [1mSELECT t2.oid::regclass::text AS to_table, a1.attname AS column, a2.attname AS primary_key, c.conname AS name, c.confupdtype AS on_update, c.confdeltype AS on_delete
FROM pg_constraint c
JOIN pg_class t1 ON c.conrelid = t1.oid
JOIN pg_class t2 ON c.confrelid = t2.oid
JOIN pg_attribute a1 ON a1.attnum = c.conkey[1] AND a1.attrelid = t1.oid
JOIN pg_attribute a2 ON a2.attnum = c.confkey[1] AND a2.attrelid = t2.oid
JOIN pg_namespace t3 ON c.connamespace = t3.oid
WHERE c.contype = 'f'
  AND t1.relname = 'widgets'
  AND t3.nspname = ANY (current_schemas(false))
ORDER BY c.conname
[0m
  [1m[36mActiveRecord::SchemaMigration Load (1.1ms)[0m  [1mSELECT "schema_migrations".* FROM "schema_migrations"[0m
  [1m[35mActiveRecord::SchemaMigration Load (0.7ms)[0m  SELECT "schema_migrations".* FROM "schema_migrations"
  [1m[36m (9.6ms)[0m  [1mSELECT t2.oid::regclass::text AS to_table, a1.attname AS column, a2.attname AS primary_key, c.conname AS name, c.confupdtype AS on_update, c.confdeltype AS on_delete
FROM pg_constraint c
JOIN pg_class t1 ON c.conrelid = t1.oid
JOIN pg_class t2 ON c.confrelid = t2.oid
JOIN pg_attribute a1 ON a1.attnum = c.conkey[1] AND a1.attrelid = t1.oid
JOIN pg_attribute a2 ON a2.attnum = c.confkey[1] AND a2.attrelid = t2.oid
JOIN pg_namespace t3 ON c.connamespace = t3.oid
WHERE c.contype = 'f'
  AND t1.relname = 'widgets'
  AND t3.nspname = ANY (current_schemas(false))
ORDER BY c.conname
[0m
  [1m[36mActiveRecord::SchemaMigration Load (1.1ms)[0m  [1mSELECT "schema_migrations".* FROM "schema_migrations"[0m
  [1m[35mActiveRecord::SchemaMigration Load (0.6ms)[0m  SELECT "schema_migrations".* FROM "schema_migrations"
  [1m[36m (9.6ms)[0m  [1mSELECT t2.oid::regclass::text AS to_table, a1.attname AS column, a2.attname AS primary_key, c.conname AS name, c.confupdtype AS on_update, c.confdeltype AS on_delete
FROM pg_constraint c
JOIN pg_class t1 ON c.conrelid = t1.oid
JOIN pg_class t2 ON c.confrelid = t2.oid
JOIN pg_attribute a1 ON a1.attnum = c.conkey[1] AND a1.attrelid = t1.oid
JOIN pg_attribute a2 ON a2.attnum = c.confkey[1] AND a2.attrelid = t2.oid
JOIN pg_namespace t3 ON c.connamespace = t3.oid
WHERE c.contype = 'f'
  AND t1.relname = 'widgets'
  AND t3.nspname = ANY (current_schemas(false))
ORDER BY c.conname
[0m
WARNING on line 25 of /home/jay/Desktop/International-Students-Portal/app/assets/stylesheets/application.css.sass:
This selector doesn't have any properties and will not be rendered.

WARNING on line 26 of /home/jay/Desktop/International-Students-Portal/app/assets/stylesheets/application.css.sass:
This selector doesn't have any properties and will not be rendered.

WARNING on line 27 of /home/jay/Desktop/International-Students-Portal/app/assets/stylesheets/application.css.sass:
This selector doesn't have any properties and will not be rendered.

WARNING on line 28 of /home/jay/Desktop/International-Students-Portal/app/assets/stylesheets/application.css.sass:
This selector doesn't have any properties and will not be rendered.



Started GET "/" for 127.0.0.1 at 2017-12-01 21:19:17 -0600
  [1m[36mActiveRecord::SchemaMigration Load (68.6ms)[0m  [1mSELECT "schema_migrations".* FROM "schema_migrations"[0m
Processing by StartupController#index as HTML
  Rendered startup/index.html.erb within layouts/application (7.9ms)
Completed 200 OK in 21407ms (Views: 21335.8ms | ActiveRecord: 0.0ms)


Started GET "/assets/scaffolds.self-e3b0c44298fc1c149afbf4c8996fb92427ae41e4649b934ca495991b7852b855.css?body=1" for 127.0.0.1 at 2017-12-01 21:19:40 -0600


Started GET "/assets/widgets.self-e3b0c44298fc1c149afbf4c8996fb92427ae41e4649b934ca495991b7852b855.css?body=1" for 127.0.0.1 at 2017-12-01 21:19:40 -0600


Started GET "/assets/welcome.self-e3b0c44298fc1c149afbf4c8996fb92427ae41e4649b934ca495991b7852b855.css?body=1" for 127.0.0.1 at 2017-12-01 21:19:40 -0600


Started GET "/assets/theme.self-9cd50d5c856a35fa35b57fed4ce4a28714eee2de6300220831590a139c9b75ac.css?body=1" for 127.0.0.1 at 2017-12-01 21:19:40 -0600


Started GET "/assets/jquery.self-bd7ddd393353a8d2480a622e80342adf488fb6006d667e8b42e4c0073393abee.js?body=1" for 127.0.0.1 at 2017-12-01 21:19:40 -0600


Started GET "/assets/jquery_ujs.self-784a997f6726036b1993eb2217c9cb558e1cbb801c6da88105588c56f13b466a.js?body=1" for 127.0.0.1 at 2017-12-01 21:19:40 -0600


Started GET "/assets/turbolinks.self-1d1fddf91adc38ac2045c51f0a3e05ca97d07d24d15a4dcbf705009106489e69.js?body=1" for 127.0.0.1 at 2017-12-01 21:19:40 -0600


Started GET "/assets/bootstrap/transition.self-6ad2488465135ab731a045a8ebbe3ea2fc501aed286042496eda1664fdd07ba9.js?body=1" for 127.0.0.1 at 2017-12-01 21:19:40 -0600


Started GET "/assets/bootstrap/alert.self-742145c5bb847aafdadc6e339be795628f8bc25f177e851f03a8c42278eb0312.js?body=1" for 127.0.0.1 at 2017-12-01 21:19:40 -0600


Started GET "/assets/application.self-f9e2ce701f054a6a3ff4d0fb0f6d8468e2ca16c7b5983208c579929170250152.css?body=1" for 127.0.0.1 at 2017-12-01 21:19:40 -0600


Started GET "/assets/bootstrap/button.self-126ac9bf0e7f2d8568f8da3a00fd5f0fac6eae0946331003370161fbf8d7975e.js?body=1" for 127.0.0.1 at 2017-12-01 21:19:40 -0600


Started GET "/assets/bootstrap/carousel.self-e47323f363ceb3dc0bdbce05e36e709ed428e339833a41140a85cb0af24b8127.js?body=1" for 127.0.0.1 at 2017-12-01 21:19:40 -0600


Started GET "/assets/bootstrap/collapse.self-2eb697f62b587bb786ff940d82dd4be88cdeeaf13ca128e3da3850c5fcaec301.js?body=1" for 127.0.0.1 at 2017-12-01 21:19:40 -0600


Started GET "/assets/bootstrap/dropdown.self-561cca1cbaf67474e01e9536f106bad541594860a6df997004591c1c1957a147.js?body=1" for 127.0.0.1 at 2017-12-01 21:19:40 -0600


Started GET "/assets/bootstrap/modal.self-3e78617ade5663314b7ee0ea10375a5b34d59ffbade44939e3f2a4e4ef2019b3.js?body=1" for 127.0.0.1 at 2017-12-01 21:19:40 -0600


Started GET "/assets/bootstrap/tab.self-5bf7078b682f8b131332eefa46b45fa5eff2eca745fc0d03e2991450888f7c28.js?body=1" for 127.0.0.1 at 2017-12-01 21:19:40 -0600


Started GET "/assets/bootstrap/affix.self-6d6f1a7fc5c8aabf3547fa1b794fab6268f54bc55ad815e55873c71f52513517.js?body=1" for 127.0.0.1 at 2017-12-01 21:19:40 -0600


Started GET "/assets/bootstrap/scrollspy.self-969f3c5f48cdf1e439c7fa1154c13b948715f5c689f87837c0b64521d3b46ef6.js?body=1" for 127.0.0.1 at 2017-12-01 21:19:40 -0600


Started GET "/assets/bootstrap/tooltip.self-05afb177e08f98997ccfc84fa08a215e4b27d48d5fe4d049080675e9dffd8199.js?body=1" for 127.0.0.1 at 2017-12-01 21:19:40 -0600


Started GET "/assets/bootstrap/popover.self-0aa93860b59fe7393f1dd490f54b3cb994f9d6155adffce034d4e14ae361b041.js?body=1" for 127.0.0.1 at 2017-12-01 21:19:40 -0600


Started GET "/assets/bootstrap-sprockets.self-fbfa5ad7d9aa0afe439ec4ff3883acc4cb92b62cb67c40d674320c9aa1d4642d.js?body=1" for 127.0.0.1 at 2017-12-01 21:19:40 -0600


Started GET "/assets/startup.self-877aef30ae1b040ab8a3aba4e3e309a11d7f2612f44dde450b5c157aa5f95c05.js?body=1" for 127.0.0.1 at 2017-12-01 21:19:40 -0600


Started GET "/assets/welcome.self-877aef30ae1b040ab8a3aba4e3e309a11d7f2612f44dde450b5c157aa5f95c05.js?body=1" for 127.0.0.1 at 2017-12-01 21:19:40 -0600


Started GET "/assets/widgets.self-877aef30ae1b040ab8a3aba4e3e309a11d7f2612f44dde450b5c157aa5f95c05.js?body=1" for 127.0.0.1 at 2017-12-01 21:19:40 -0600


Started GET "/assets/bootstrap.self-aa035a144857819aa990a2630f4c251b0bfb37d227f16a2c6ac1b7efd656baac.js?body=1" for 127.0.0.1 at 2017-12-01 21:19:40 -0600


Started GET "/assets/bootstrap.min.self-f2d64b74536a49f843b022431e37325973468a71c9b362343deb0b6c582e5ba0.js?body=1" for 127.0.0.1 at 2017-12-01 21:19:40 -0600


Started GET "/assets/modernizr-2.8.3-respond-1.4.2.min.self-449b0a850e39b645bfe220b51afebd7a93567fc3aa47b4964a2efe08a22a187f.js?body=1" for 127.0.0.1 at 2017-12-01 21:19:40 -0600


Started GET "/assets/jquery-1.11.2.min.self-cc83565074b3fa7f2283f7f4d56b90ad171ede87008448ed5d2e91c50575bed1.js?body=1" for 127.0.0.1 at 2017-12-01 21:19:40 -0600


Started GET "/assets/npm.self-f66d504f2cd5bddaaade9c854b02828e5e46d225517ab9feebe1af2615566b1e.js?body=1" for 127.0.0.1 at 2017-12-01 21:19:40 -0600


Started GET "/assets/application.self-aab2735aca51610e13a65e32b23656b4fbdb569598d6c919dd590a9d910f3557.js?body=1" for 127.0.0.1 at 2017-12-01 21:19:40 -0600
  [1m[36mActiveRecord::SchemaMigration Load (1.7ms)[0m  [1mSELECT "schema_migrations".* FROM "schema_migrations"[0m


Started GET "/assets/startup.self-fbe2d1373b922305fd46bde9e59f8906ba9f232c75fef27a08ef55839168fb1a.css?body=1" for 127.0.0.1 at 2017-12-01 21:19:41 -0600


Started GET "/" for 127.0.0.1 at 2017-12-02 09:29:02 -0600
  [1m[36mActiveRecord::SchemaMigration Load (6.9ms)[0m  [1mSELECT "schema_migrations".* FROM "schema_migrations"[0m
Processing by StartupController#index as HTML
  Rendered startup/index.html.erb within layouts/application (4.2ms)
Completed 200 OK in 14520ms (Views: 14456.1ms | ActiveRecord: 0.0ms)


Started GET "/assets/application.self-595e57e1d3af1c2feca1389d583276156f718eebeb070323c243b76860261dc3.css?body=1" for 127.0.0.1 at 2017-12-02 09:29:18 -0600


Started GET "/" for 127.0.0.1 at 2017-12-02 09:42:48 -0600
  [1m[36mActiveRecord::SchemaMigration Load (1.4ms)[0m  [1mSELECT "schema_migrations".* FROM "schema_migrations"[0m
Processing by StartupController#index as HTML
  Rendered startup/index.html.erb within layouts/application (4.3ms)
DEPRECATION WARNING: Extra .css in SCSS file is unnecessary. Rename /home/jay/Desktop/International-Students-Portal/app/assets/stylesheets/main.css.scss to /home/jay/Desktop/International-Students-Portal/app/assets/stylesheets/main.scss. (called from _app_views_layouts_application_html_erb___3399762836583732311_16691860 at /home/jay/Desktop/International-Students-Portal/app/views/layouts/application.html.erb:5)
DEPRECATION WARNING: Extra .css in SCSS file is unnecessary. Rename /home/jay/Desktop/International-Students-Portal/app/assets/stylesheets/main.css.scss to /home/jay/Desktop/International-Students-Portal/app/assets/stylesheets/main.scss. (called from _app_views_layouts_application_html_erb___3399762836583732311_16691860 at /home/jay/Desktop/International-Students-Portal/app/views/layouts/application.html.erb:5)
Completed 200 OK in 11985ms (Views: 11944.1ms | ActiveRecord: 0.0ms)


Started GET "/assets/application.self-5b5070be115b71072426cab5cde1dee42aefdb36f8433c6d8222cdf812b3d1a6.css?body=1" for 127.0.0.1 at 2017-12-02 09:43:01 -0600


Started GET "/assets/jquery.self-bd7ddd393353a8d2480a622e80342adf488fb6006d667e8b42e4c0073393abee.js?body=1" for 127.0.0.1 at 2017-12-02 09:43:01 -0600


Started GET "/assets/jquery_ujs.self-784a997f6726036b1993eb2217c9cb558e1cbb801c6da88105588c56f13b466a.js?body=1" for 127.0.0.1 at 2017-12-02 09:43:01 -0600


Started GET "/assets/turbolinks.self-1d1fddf91adc38ac2045c51f0a3e05ca97d07d24d15a4dcbf705009106489e69.js?body=1" for 127.0.0.1 at 2017-12-02 09:43:01 -0600


Started GET "/assets/bootstrap/transition.self-6ad2488465135ab731a045a8ebbe3ea2fc501aed286042496eda1664fdd07ba9.js?body=1" for 127.0.0.1 at 2017-12-02 09:43:01 -0600


Started GET "/assets/bootstrap/alert.self-742145c5bb847aafdadc6e339be795628f8bc25f177e851f03a8c42278eb0312.js?body=1" for 127.0.0.1 at 2017-12-02 09:43:01 -0600


Started GET "/assets/bootstrap/carousel.self-e47323f363ceb3dc0bdbce05e36e709ed428e339833a41140a85cb0af24b8127.js?body=1" for 127.0.0.1 at 2017-12-02 09:43:01 -0600


Started GET "/assets/bootstrap/dropdown.self-561cca1cbaf67474e01e9536f106bad541594860a6df997004591c1c1957a147.js?body=1" for 127.0.0.1 at 2017-12-02 09:43:01 -0600


Started GET "/assets/bootstrap/collapse.self-2eb697f62b587bb786ff940d82dd4be88cdeeaf13ca128e3da3850c5fcaec301.js?body=1" for 127.0.0.1 at 2017-12-02 09:43:01 -0600


Started GET "/assets/bootstrap/tab.self-5bf7078b682f8b131332eefa46b45fa5eff2eca745fc0d03e2991450888f7c28.js?body=1" for 127.0.0.1 at 2017-12-02 09:43:01 -0600


Started GET "/assets/bootstrap/affix.self-6d6f1a7fc5c8aabf3547fa1b794fab6268f54bc55ad815e55873c71f52513517.js?body=1" for 127.0.0.1 at 2017-12-02 09:43:01 -0600


Started GET "/assets/bootstrap/scrollspy.self-969f3c5f48cdf1e439c7fa1154c13b948715f5c689f87837c0b64521d3b46ef6.js?body=1" for 127.0.0.1 at 2017-12-02 09:43:01 -0600


Started GET "/assets/bootstrap/tooltip.self-05afb177e08f98997ccfc84fa08a215e4b27d48d5fe4d049080675e9dffd8199.js?body=1" for 127.0.0.1 at 2017-12-02 09:43:01 -0600


Started GET "/assets/bootstrap/popover.self-0aa93860b59fe7393f1dd490f54b3cb994f9d6155adffce034d4e14ae361b041.js?body=1" for 127.0.0.1 at 2017-12-02 09:43:01 -0600


Started GET "/assets/bootstrap-sprockets.self-fbfa5ad7d9aa0afe439ec4ff3883acc4cb92b62cb67c40d674320c9aa1d4642d.js?body=1" for 127.0.0.1 at 2017-12-02 09:43:01 -0600


Started GET "/assets/startup.self-877aef30ae1b040ab8a3aba4e3e309a11d7f2612f44dde450b5c157aa5f95c05.js?body=1" for 127.0.0.1 at 2017-12-02 09:43:01 -0600


Started GET "/assets/welcome.self-877aef30ae1b040ab8a3aba4e3e309a11d7f2612f44dde450b5c157aa5f95c05.js?body=1" for 127.0.0.1 at 2017-12-02 09:43:01 -0600


Started GET "/assets/widgets.self-877aef30ae1b040ab8a3aba4e3e309a11d7f2612f44dde450b5c157aa5f95c05.js?body=1" for 127.0.0.1 at 2017-12-02 09:43:01 -0600


Started GET "/assets/bootstrap.self-aa035a144857819aa990a2630f4c251b0bfb37d227f16a2c6ac1b7efd656baac.js?body=1" for 127.0.0.1 at 2017-12-02 09:43:01 -0600


Started GET "/assets/bootstrap.min.self-f2d64b74536a49f843b022431e37325973468a71c9b362343deb0b6c582e5ba0.js?body=1" for 127.0.0.1 at 2017-12-02 09:43:01 -0600


Started GET "/assets/modernizr-2.8.3-respond-1.4.2.min.self-449b0a850e39b645bfe220b51afebd7a93567fc3aa47b4964a2efe08a22a187f.js?body=1" for 127.0.0.1 at 2017-12-02 09:43:01 -0600


Started GET "/assets/jquery-1.11.2.min.self-cc83565074b3fa7f2283f7f4d56b90ad171ede87008448ed5d2e91c50575bed1.js?body=1" for 127.0.0.1 at 2017-12-02 09:43:01 -0600


Started GET "/assets/npm.self-f66d504f2cd5bddaaade9c854b02828e5e46d225517ab9feebe1af2615566b1e.js?body=1" for 127.0.0.1 at 2017-12-02 09:43:02 -0600


Started GET "/assets/application.self-aab2735aca51610e13a65e32b23656b4fbdb569598d6c919dd590a9d910f3557.js?body=1" for 127.0.0.1 at 2017-12-02 09:43:02 -0600


Started GET "/assets/bootstrap/modal.self-3e78617ade5663314b7ee0ea10375a5b34d59ffbade44939e3f2a4e4ef2019b3.js?body=1" for 127.0.0.1 at 2017-12-02 09:43:02 -0600
  [1m[36mActiveRecord::SchemaMigration Load (1.2ms)[0m  [1mSELECT "schema_migrations".* FROM "schema_migrations"[0m


Started GET "/assets/bootstrap/button.self-126ac9bf0e7f2d8568f8da3a00fd5f0fac6eae0946331003370161fbf8d7975e.js?body=1" for 127.0.0.1 at 2017-12-02 09:43:02 -0600


 HEAD
Started GET "/" for 127.0.0.1 at 2017-12-05 10:00:26 -0600
  [1m[36mActiveRecord::SchemaMigration Load (38.2ms)[0m  [1mSELECT "schema_migrations".* FROM "schema_migrations"[0m
Processing by StartupController#index as HTML
  Rendered startup/index.html.erb within layouts/application (5.8ms)
Completed 200 OK in 3177ms (Views: 3100.7ms | ActiveRecord: 0.0ms)


Started GET "/assets/application.self-5b5070be115b71072426cab5cde1dee42aefdb36f8433c6d8222cdf812b3d1a6.css?body=1" for 127.0.0.1 at 2017-12-05 10:00:31 -0600


Started GET "/assets/bootstrap/button.self-126ac9bf0e7f2d8568f8da3a00fd5f0fac6eae0946331003370161fbf8d7975e.js?body=1" for 127.0.0.1 at 2017-12-05 10:00:31 -0600


Started GET "/assets/bootstrap/carousel.self-e47323f363ceb3dc0bdbce05e36e709ed428e339833a41140a85cb0af24b8127.js?body=1" for 127.0.0.1 at 2017-12-05 10:00:31 -0600


Started GET "/assets/bootstrap/collapse.self-2eb697f62b587bb786ff940d82dd4be88cdeeaf13ca128e3da3850c5fcaec301.js?body=1" for 127.0.0.1 at 2017-12-05 10:00:31 -0600


Started GET "/assets/bootstrap/dropdown.self-561cca1cbaf67474e01e9536f106bad541594860a6df997004591c1c1957a147.js?body=1" for 127.0.0.1 at 2017-12-05 10:00:31 -0600


Started GET "/assets/bootstrap/modal.self-3e78617ade5663314b7ee0ea10375a5b34d59ffbade44939e3f2a4e4ef2019b3.js?body=1" for 127.0.0.1 at 2017-12-05 10:00:31 -0600


Started GET "/assets/bootstrap/tab.self-5bf7078b682f8b131332eefa46b45fa5eff2eca745fc0d03e2991450888f7c28.js?body=1" for 127.0.0.1 at 2017-12-05 10:00:31 -0600


Started GET "/assets/bootstrap/affix.self-6d6f1a7fc5c8aabf3547fa1b794fab6268f54bc55ad815e55873c71f52513517.js?body=1" for 127.0.0.1 at 2017-12-05 10:00:31 -0600


Started GET "/assets/bootstrap/scrollspy.self-969f3c5f48cdf1e439c7fa1154c13b948715f5c689f87837c0b64521d3b46ef6.js?body=1" for 127.0.0.1 at 2017-12-05 10:00:31 -0600


Started GET "/assets/bootstrap/tooltip.self-05afb177e08f98997ccfc84fa08a215e4b27d48d5fe4d049080675e9dffd8199.js?body=1" for 127.0.0.1 at 2017-12-05 10:00:31 -0600




Started GET "/assets/jquery.self-bd7ddd393353a8d2480a622e80342adf488fb6006d667e8b42e4c0073393abee.js?body=1" for 127.0.0.1 at 2017-12-05 10:00:31 -0600
Started GET "/assets/bootstrap/popover.self-0aa93860b59fe7393f1dd490f54b3cb994f9d6155adffce034d4e14ae361b041.js?body=1" for 127.0.0.1 at 2017-12-05 10:00:31 -0600


Started GET "/assets/bootstrap-sprockets.self-fbfa5ad7d9aa0afe439ec4ff3883acc4cb92b62cb67c40d674320c9aa1d4642d.js?body=1" for 127.0.0.1 at 2017-12-05 10:00:31 -0600


Started GET "/assets/startup.self-877aef30ae1b040ab8a3aba4e3e309a11d7f2612f44dde450b5c157aa5f95c05.js?body=1" for 127.0.0.1 at 2017-12-05 10:00:31 -0600


Started GET "/assets/welcome.self-877aef30ae1b040ab8a3aba4e3e309a11d7f2612f44dde450b5c157aa5f95c05.js?body=1" for 127.0.0.1 at 2017-12-05 10:00:31 -0600


Started GET "/assets/widgets.self-877aef30ae1b040ab8a3aba4e3e309a11d7f2612f44dde450b5c157aa5f95c05.js?body=1" for 127.0.0.1 at 2017-12-05 10:00:31 -0600


Started GET "/assets/bootstrap.self-aa035a144857819aa990a2630f4c251b0bfb37d227f16a2c6ac1b7efd656baac.js?body=1" for 127.0.0.1 at 2017-12-05 10:00:31 -0600


Started GET "/assets/bootstrap.min.self-f2d64b74536a49f843b022431e37325973468a71c9b362343deb0b6c582e5ba0.js?body=1" for 127.0.0.1 at 2017-12-05 10:00:31 -0600


Started GET "/assets/modernizr-2.8.3-respond-1.4.2.min.self-449b0a850e39b645bfe220b51afebd7a93567fc3aa47b4964a2efe08a22a187f.js?body=1" for 127.0.0.1 at 2017-12-05 10:00:31 -0600
  [1m[36mActiveRecord::SchemaMigration Load (2.8ms)[0m  [1mSELECT "schema_migrations".* FROM "schema_migrations"[0m


Started GET "/assets/jquery-1.11.2.min.self-cc83565074b3fa7f2283f7f4d56b90ad171ede87008448ed5d2e91c50575bed1.js?body=1" for 127.0.0.1 at 2017-12-05 10:00:31 -0600


Started GET "/assets/npm.self-f66d504f2cd5bddaaade9c854b02828e5e46d225517ab9feebe1af2615566b1e.js?body=1" for 127.0.0.1 at 2017-12-05 10:00:31 -0600


Started GET "/assets/application.self-aab2735aca51610e13a65e32b23656b4fbdb569598d6c919dd590a9d910f3557.js?body=1" for 127.0.0.1 at 2017-12-05 10:00:31 -0600


Started GET "/assets/jquery_ujs.self-784a997f6726036b1993eb2217c9cb558e1cbb801c6da88105588c56f13b466a.js?body=1" for 127.0.0.1 at 2017-12-05 10:00:32 -0600


Started GET "/assets/turbolinks.self-1d1fddf91adc38ac2045c51f0a3e05ca97d07d24d15a4dcbf705009106489e69.js?body=1" for 127.0.0.1 at 2017-12-05 10:00:32 -0600


Started GET "/assets/bootstrap/transition.self-6ad2488465135ab731a045a8ebbe3ea2fc501aed286042496eda1664fdd07ba9.js?body=1" for 127.0.0.1 at 2017-12-05 10:00:32 -0600


Started GET "/assets/bootstrap/alert.self-742145c5bb847aafdadc6e339be795628f8bc25f177e851f03a8c42278eb0312.js?body=1" for 127.0.0.1 at 2017-12-05 10:00:32 -0600

Started GET "/" for 127.0.0.1 at 2017-12-18 12:05:54 -0600

ActiveRecord::NoDatabaseError (FATAL:  role "jjain" does not exist
):
  activerecord (4.2.8) lib/active_record/connection_adapters/postgresql_adapter.rb:661:in `rescue in connect'
  activerecord (4.2.8) lib/active_record/connection_adapters/postgresql_adapter.rb:651:in `connect'
  activerecord (4.2.8) lib/active_record/connection_adapters/postgresql_adapter.rb:242:in `initialize'
  activerecord (4.2.8) lib/active_record/connection_adapters/postgresql_adapter.rb:44:in `new'
  activerecord (4.2.8) lib/active_record/connection_adapters/postgresql_adapter.rb:44:in `postgresql_connection'
  activerecord (4.2.8) lib/active_record/connection_adapters/abstract/connection_pool.rb:438:in `new_connection'
  activerecord (4.2.8) lib/active_record/connection_adapters/abstract/connection_pool.rb:448:in `checkout_new_connection'
  activerecord (4.2.8) lib/active_record/connection_adapters/abstract/connection_pool.rb:422:in `acquire_connection'
  activerecord (4.2.8) lib/active_record/connection_adapters/abstract/connection_pool.rb:349:in `block in checkout'
  /usr/share/rvm/rubies/ruby-2.4.1/lib/ruby/2.4.0/monitor.rb:214:in `mon_synchronize'
  activerecord (4.2.8) lib/active_record/connection_adapters/abstract/connection_pool.rb:348:in `checkout'
  activerecord (4.2.8) lib/active_record/connection_adapters/abstract/connection_pool.rb:263:in `block in connection'
  /usr/share/rvm/rubies/ruby-2.4.1/lib/ruby/2.4.0/monitor.rb:214:in `mon_synchronize'
  activerecord (4.2.8) lib/active_record/connection_adapters/abstract/connection_pool.rb:262:in `connection'
  activerecord (4.2.8) lib/active_record/connection_adapters/abstract/connection_pool.rb:571:in `retrieve_connection'
  activerecord (4.2.8) lib/active_record/connection_handling.rb:113:in `retrieve_connection'
  activerecord (4.2.8) lib/active_record/connection_handling.rb:87:in `connection'
  activerecord (4.2.8) lib/active_record/migration.rb:383:in `connection'
  activerecord (4.2.8) lib/active_record/migration.rb:370:in `call'
  actionpack (4.2.8) lib/action_dispatch/middleware/callbacks.rb:29:in `block in call'
  activesupport (4.2.8) lib/active_support/callbacks.rb:88:in `__run_callbacks__'
  activesupport (4.2.8) lib/active_support/callbacks.rb:778:in `_run_call_callbacks'
  activesupport (4.2.8) lib/active_support/callbacks.rb:81:in `run_callbacks'
  actionpack (4.2.8) lib/action_dispatch/middleware/callbacks.rb:27:in `call'
  actionpack (4.2.8) lib/action_dispatch/middleware/reloader.rb:73:in `call'
  actionpack (4.2.8) lib/action_dispatch/middleware/remote_ip.rb:78:in `call'
  actionpack (4.2.8) lib/action_dispatch/middleware/debug_exceptions.rb:17:in `call'
  actionpack (4.2.8) lib/action_dispatch/middleware/show_exceptions.rb:30:in `call'
  railties (4.2.8) lib/rails/rack/logger.rb:38:in `call_app'
  railties (4.2.8) lib/rails/rack/logger.rb:20:in `block in call'
  activesupport (4.2.8) lib/active_support/tagged_logging.rb:68:in `block in tagged'
  activesupport (4.2.8) lib/active_support/tagged_logging.rb:26:in `tagged'
  activesupport (4.2.8) lib/active_support/tagged_logging.rb:68:in `tagged'
  railties (4.2.8) lib/rails/rack/logger.rb:20:in `call'
  actionpack (4.2.8) lib/action_dispatch/middleware/request_id.rb:21:in `call'
  rack (1.6.8) lib/rack/methodoverride.rb:22:in `call'
  rack (1.6.8) lib/rack/runtime.rb:18:in `call'
  activesupport (4.2.8) lib/active_support/cache/strategy/local_cache_middleware.rb:28:in `call'
  rack (1.6.8) lib/rack/lock.rb:17:in `call'
  actionpack (4.2.8) lib/action_dispatch/middleware/static.rb:120:in `call'
  rack (1.6.8) lib/rack/sendfile.rb:113:in `call'
  railties (4.2.8) lib/rails/engine.rb:518:in `call'
  railties (4.2.8) lib/rails/application.rb:165:in `call'
  rack (1.6.8) lib/rack/content_length.rb:15:in `call'
  puma (3.11.0) lib/puma/configuration.rb:225:in `call'
  puma (3.11.0) lib/puma/server.rb:624:in `handle_request'
  puma (3.11.0) lib/puma/server.rb:438:in `process_client'
  puma (3.11.0) lib/puma/server.rb:302:in `block in run'
  puma (3.11.0) lib/puma/thread_pool.rb:120:in `block in spawn_thread'


  Rendered /home/jjain/.rvm/gems/ruby-2.4.1/gems/actionpack-4.2.8/lib/action_dispatch/middleware/templates/rescues/_source.erb (6.8ms)
  Rendered /home/jjain/.rvm/gems/ruby-2.4.1/gems/actionpack-4.2.8/lib/action_dispatch/middleware/templates/rescues/_trace.html.erb (3.1ms)
  Rendered /home/jjain/.rvm/gems/ruby-2.4.1/gems/actionpack-4.2.8/lib/action_dispatch/middleware/templates/rescues/_request_and_response.html.erb (1.2ms)
  Rendered /home/jjain/.rvm/gems/ruby-2.4.1/gems/actionpack-4.2.8/lib/action_dispatch/middleware/templates/rescues/diagnostics.html.erb within rescues/layout (21.9ms)


Started GET "/" for 127.0.0.1 at 2017-12-18 12:06:01 -0600

ActiveRecord::NoDatabaseError (FATAL:  role "jjain" does not exist
):
  activerecord (4.2.8) lib/active_record/connection_adapters/postgresql_adapter.rb:661:in `rescue in connect'
  activerecord (4.2.8) lib/active_record/connection_adapters/postgresql_adapter.rb:651:in `connect'
  activerecord (4.2.8) lib/active_record/connection_adapters/postgresql_adapter.rb:242:in `initialize'
  activerecord (4.2.8) lib/active_record/connection_adapters/postgresql_adapter.rb:44:in `new'
  activerecord (4.2.8) lib/active_record/connection_adapters/postgresql_adapter.rb:44:in `postgresql_connection'
  activerecord (4.2.8) lib/active_record/connection_adapters/abstract/connection_pool.rb:438:in `new_connection'
  activerecord (4.2.8) lib/active_record/connection_adapters/abstract/connection_pool.rb:448:in `checkout_new_connection'
  activerecord (4.2.8) lib/active_record/connection_adapters/abstract/connection_pool.rb:422:in `acquire_connection'
  activerecord (4.2.8) lib/active_record/connection_adapters/abstract/connection_pool.rb:349:in `block in checkout'
  /usr/share/rvm/rubies/ruby-2.4.1/lib/ruby/2.4.0/monitor.rb:214:in `mon_synchronize'
  activerecord (4.2.8) lib/active_record/connection_adapters/abstract/connection_pool.rb:348:in `checkout'
  activerecord (4.2.8) lib/active_record/connection_adapters/abstract/connection_pool.rb:263:in `block in connection'
  /usr/share/rvm/rubies/ruby-2.4.1/lib/ruby/2.4.0/monitor.rb:214:in `mon_synchronize'
  activerecord (4.2.8) lib/active_record/connection_adapters/abstract/connection_pool.rb:262:in `connection'
  activerecord (4.2.8) lib/active_record/connection_adapters/abstract/connection_pool.rb:571:in `retrieve_connection'
  activerecord (4.2.8) lib/active_record/connection_handling.rb:113:in `retrieve_connection'
  activerecord (4.2.8) lib/active_record/connection_handling.rb:87:in `connection'
  activerecord (4.2.8) lib/active_record/migration.rb:383:in `connection'
  activerecord (4.2.8) lib/active_record/migration.rb:370:in `call'
  actionpack (4.2.8) lib/action_dispatch/middleware/callbacks.rb:29:in `block in call'
  activesupport (4.2.8) lib/active_support/callbacks.rb:88:in `__run_callbacks__'
  activesupport (4.2.8) lib/active_support/callbacks.rb:778:in `_run_call_callbacks'
  activesupport (4.2.8) lib/active_support/callbacks.rb:81:in `run_callbacks'
  actionpack (4.2.8) lib/action_dispatch/middleware/callbacks.rb:27:in `call'
  actionpack (4.2.8) lib/action_dispatch/middleware/reloader.rb:73:in `call'
  actionpack (4.2.8) lib/action_dispatch/middleware/remote_ip.rb:78:in `call'
  actionpack (4.2.8) lib/action_dispatch/middleware/debug_exceptions.rb:17:in `call'
  actionpack (4.2.8) lib/action_dispatch/middleware/show_exceptions.rb:30:in `call'
  railties (4.2.8) lib/rails/rack/logger.rb:38:in `call_app'
  railties (4.2.8) lib/rails/rack/logger.rb:20:in `block in call'
  activesupport (4.2.8) lib/active_support/tagged_logging.rb:68:in `block in tagged'
  activesupport (4.2.8) lib/active_support/tagged_logging.rb:26:in `tagged'
  activesupport (4.2.8) lib/active_support/tagged_logging.rb:68:in `tagged'
  railties (4.2.8) lib/rails/rack/logger.rb:20:in `call'
  actionpack (4.2.8) lib/action_dispatch/middleware/request_id.rb:21:in `call'
  rack (1.6.8) lib/rack/methodoverride.rb:22:in `call'
  rack (1.6.8) lib/rack/runtime.rb:18:in `call'
  activesupport (4.2.8) lib/active_support/cache/strategy/local_cache_middleware.rb:28:in `call'
  rack (1.6.8) lib/rack/lock.rb:17:in `call'
  actionpack (4.2.8) lib/action_dispatch/middleware/static.rb:120:in `call'
  rack (1.6.8) lib/rack/sendfile.rb:113:in `call'
  railties (4.2.8) lib/rails/engine.rb:518:in `call'
  railties (4.2.8) lib/rails/application.rb:165:in `call'
  rack (1.6.8) lib/rack/content_length.rb:15:in `call'
  puma (3.11.0) lib/puma/configuration.rb:225:in `call'
  puma (3.11.0) lib/puma/server.rb:624:in `handle_request'
  puma (3.11.0) lib/puma/server.rb:438:in `process_client'
  puma (3.11.0) lib/puma/server.rb:302:in `block in run'
  puma (3.11.0) lib/puma/thread_pool.rb:120:in `block in spawn_thread'


  Rendered /home/jjain/.rvm/gems/ruby-2.4.1/gems/actionpack-4.2.8/lib/action_dispatch/middleware/templates/rescues/_source.erb (3.8ms)
  Rendered /home/jjain/.rvm/gems/ruby-2.4.1/gems/actionpack-4.2.8/lib/action_dispatch/middleware/templates/rescues/_trace.html.erb (1.6ms)
  Rendered /home/jjain/.rvm/gems/ruby-2.4.1/gems/actionpack-4.2.8/lib/action_dispatch/middleware/templates/rescues/_request_and_response.html.erb (0.6ms)
  Rendered /home/jjain/.rvm/gems/ruby-2.4.1/gems/actionpack-4.2.8/lib/action_dispatch/middleware/templates/rescues/diagnostics.html.erb within rescues/layout (17.0ms)


Started GET "/" for 127.0.0.1 at 2017-12-18 12:06:02 -0600

ActiveRecord::NoDatabaseError (FATAL:  role "jjain" does not exist
):
  activerecord (4.2.8) lib/active_record/connection_adapters/postgresql_adapter.rb:661:in `rescue in connect'
  activerecord (4.2.8) lib/active_record/connection_adapters/postgresql_adapter.rb:651:in `connect'
  activerecord (4.2.8) lib/active_record/connection_adapters/postgresql_adapter.rb:242:in `initialize'
  activerecord (4.2.8) lib/active_record/connection_adapters/postgresql_adapter.rb:44:in `new'
  activerecord (4.2.8) lib/active_record/connection_adapters/postgresql_adapter.rb:44:in `postgresql_connection'
  activerecord (4.2.8) lib/active_record/connection_adapters/abstract/connection_pool.rb:438:in `new_connection'
  activerecord (4.2.8) lib/active_record/connection_adapters/abstract/connection_pool.rb:448:in `checkout_new_connection'
  activerecord (4.2.8) lib/active_record/connection_adapters/abstract/connection_pool.rb:422:in `acquire_connection'
  activerecord (4.2.8) lib/active_record/connection_adapters/abstract/connection_pool.rb:349:in `block in checkout'
  /usr/share/rvm/rubies/ruby-2.4.1/lib/ruby/2.4.0/monitor.rb:214:in `mon_synchronize'
  activerecord (4.2.8) lib/active_record/connection_adapters/abstract/connection_pool.rb:348:in `checkout'
  activerecord (4.2.8) lib/active_record/connection_adapters/abstract/connection_pool.rb:263:in `block in connection'
  /usr/share/rvm/rubies/ruby-2.4.1/lib/ruby/2.4.0/monitor.rb:214:in `mon_synchronize'
  activerecord (4.2.8) lib/active_record/connection_adapters/abstract/connection_pool.rb:262:in `connection'
  activerecord (4.2.8) lib/active_record/connection_adapters/abstract/connection_pool.rb:571:in `retrieve_connection'
  activerecord (4.2.8) lib/active_record/connection_handling.rb:113:in `retrieve_connection'
  activerecord (4.2.8) lib/active_record/connection_handling.rb:87:in `connection'
  activerecord (4.2.8) lib/active_record/migration.rb:383:in `connection'
  activerecord (4.2.8) lib/active_record/migration.rb:370:in `call'
  actionpack (4.2.8) lib/action_dispatch/middleware/callbacks.rb:29:in `block in call'
  activesupport (4.2.8) lib/active_support/callbacks.rb:88:in `__run_callbacks__'
  activesupport (4.2.8) lib/active_support/callbacks.rb:778:in `_run_call_callbacks'
  activesupport (4.2.8) lib/active_support/callbacks.rb:81:in `run_callbacks'
  actionpack (4.2.8) lib/action_dispatch/middleware/callbacks.rb:27:in `call'
  actionpack (4.2.8) lib/action_dispatch/middleware/reloader.rb:73:in `call'
  actionpack (4.2.8) lib/action_dispatch/middleware/remote_ip.rb:78:in `call'
  actionpack (4.2.8) lib/action_dispatch/middleware/debug_exceptions.rb:17:in `call'
  actionpack (4.2.8) lib/action_dispatch/middleware/show_exceptions.rb:30:in `call'
  railties (4.2.8) lib/rails/rack/logger.rb:38:in `call_app'
  railties (4.2.8) lib/rails/rack/logger.rb:20:in `block in call'
  activesupport (4.2.8) lib/active_support/tagged_logging.rb:68:in `block in tagged'
  activesupport (4.2.8) lib/active_support/tagged_logging.rb:26:in `tagged'
  activesupport (4.2.8) lib/active_support/tagged_logging.rb:68:in `tagged'
  railties (4.2.8) lib/rails/rack/logger.rb:20:in `call'
  actionpack (4.2.8) lib/action_dispatch/middleware/request_id.rb:21:in `call'
  rack (1.6.8) lib/rack/methodoverride.rb:22:in `call'
  rack (1.6.8) lib/rack/runtime.rb:18:in `call'
  activesupport (4.2.8) lib/active_support/cache/strategy/local_cache_middleware.rb:28:in `call'
  rack (1.6.8) lib/rack/lock.rb:17:in `call'
  actionpack (4.2.8) lib/action_dispatch/middleware/static.rb:120:in `call'
  rack (1.6.8) lib/rack/sendfile.rb:113:in `call'
  railties (4.2.8) lib/rails/engine.rb:518:in `call'
  railties (4.2.8) lib/rails/application.rb:165:in `call'
  rack (1.6.8) lib/rack/content_length.rb:15:in `call'
  puma (3.11.0) lib/puma/configuration.rb:225:in `call'
  puma (3.11.0) lib/puma/server.rb:624:in `handle_request'
  puma (3.11.0) lib/puma/server.rb:438:in `process_client'
  puma (3.11.0) lib/puma/server.rb:302:in `block in run'
  puma (3.11.0) lib/puma/thread_pool.rb:120:in `block in spawn_thread'


  Rendered /home/jjain/.rvm/gems/ruby-2.4.1/gems/actionpack-4.2.8/lib/action_dispatch/middleware/templates/rescues/_source.erb (4.0ms)
  Rendered /home/jjain/.rvm/gems/ruby-2.4.1/gems/actionpack-4.2.8/lib/action_dispatch/middleware/templates/rescues/_trace.html.erb (2.2ms)
  Rendered /home/jjain/.rvm/gems/ruby-2.4.1/gems/actionpack-4.2.8/lib/action_dispatch/middleware/templates/rescues/_request_and_response.html.erb (0.8ms)
  Rendered /home/jjain/.rvm/gems/ruby-2.4.1/gems/actionpack-4.2.8/lib/action_dispatch/middleware/templates/rescues/diagnostics.html.erb within rescues/layout (20.2ms)
 1a6f4d8d97f3741b832407638f31c8d110746f35
  [1m[36m (51.8ms)[0m  [1mCREATE TABLE "schema_migrations" ("version" character varying NOT NULL) [0m
  [1m[35m (31.4ms)[0m  CREATE UNIQUE INDEX  "unique_schema_migrations" ON "schema_migrations"  ("version")
  [1m[36mActiveRecord::SchemaMigration Load (0.5ms)[0m  [1mSELECT "schema_migrations".* FROM "schema_migrations"[0m
Migrating to CreateWidgets (20140707111715)
  [1m[35m (0.2ms)[0m  BEGIN
DEPRECATION WARNING: `#timestamps` was called without specifying an option for `null`. In Rails 5, this behavior will change to `null: false`. You should manually specify `null: true` to prevent the behavior of your existing migrations from changing. (called from block in change at /home/jjain/Desktop/International-Students-Portal/db/migrate/20140707111715_create_widgets.rb:8)
  [1m[36m (39.4ms)[0m  [1mCREATE TABLE "widgets" ("id" serial primary key, "name" character varying, "description" text, "stock" integer, "created_at" timestamp, "updated_at" timestamp) [0m
  [1m[35mSQL (0.3ms)[0m  INSERT INTO "schema_migrations" ("version") VALUES ($1)  [["version", "20140707111715"]]
  [1m[36m (6.2ms)[0m  [1mCOMMIT[0m
Migrating to CreateUsers (20171219144556)
  [1m[35m (0.2ms)[0m  BEGIN
  [1m[36m (54.3ms)[0m  [1mCREATE TABLE "users" ("id" serial primary key, "name" character varying, "email" character varying, "created_at" timestamp NOT NULL, "updated_at" timestamp NOT NULL) [0m
  [1m[35mSQL (0.3ms)[0m  INSERT INTO "schema_migrations" ("version") VALUES ($1)  [["version", "20171219144556"]]
  [1m[36m (9.6ms)[0m  [1mCOMMIT[0m
  [1m[35mActiveRecord::SchemaMigration Load (0.4ms)[0m  SELECT "schema_migrations".* FROM "schema_migrations"
  [1m[36m (5.3ms)[0m  [1mSELECT t2.oid::regclass::text AS to_table, a1.attname AS column, a2.attname AS primary_key, c.conname AS name, c.confupdtype AS on_update, c.confdeltype AS on_delete
FROM pg_constraint c
JOIN pg_class t1 ON c.conrelid = t1.oid
JOIN pg_class t2 ON c.confrelid = t2.oid
JOIN pg_attribute a1 ON a1.attnum = c.conkey[1] AND a1.attrelid = t1.oid
JOIN pg_attribute a2 ON a2.attnum = c.confkey[1] AND a2.attrelid = t2.oid
JOIN pg_namespace t3 ON c.connamespace = t3.oid
WHERE c.contype = 'f'
  AND t1.relname = 'users'
  AND t3.nspname = ANY (current_schemas(false))
ORDER BY c.conname
[0m
  [1m[35m (4.4ms)[0m  SELECT t2.oid::regclass::text AS to_table, a1.attname AS column, a2.attname AS primary_key, c.conname AS name, c.confupdtype AS on_update, c.confdeltype AS on_delete
FROM pg_constraint c
JOIN pg_class t1 ON c.conrelid = t1.oid
JOIN pg_class t2 ON c.confrelid = t2.oid
JOIN pg_attribute a1 ON a1.attnum = c.conkey[1] AND a1.attrelid = t1.oid
JOIN pg_attribute a2 ON a2.attnum = c.confkey[1] AND a2.attrelid = t2.oid
JOIN pg_namespace t3 ON c.connamespace = t3.oid
WHERE c.contype = 'f'
  AND t1.relname = 'widgets'
  AND t3.nspname = ANY (current_schemas(false))
ORDER BY c.conname



Started GET "/" for 127.0.0.1 at 2017-12-19 08:57:02 -0600
  [1m[36mActiveRecord::SchemaMigration Load (0.3ms)[0m  [1mSELECT "schema_migrations".* FROM "schema_migrations"[0m
Processing by StartupController#index as HTML
  Rendered startup/index.html.erb within layouts/application (0.7ms)
DEPRECATION WARNING: Extra .css in SCSS file is unnecessary. Rename /home/jjain/Desktop/International-Students-Portal/app/assets/stylesheets/main.css.scss to /home/jjain/Desktop/International-Students-Portal/app/assets/stylesheets/main.scss. (called from _app_views_layouts_application_html_erb___2437724663051118626_70145676712800 at /home/jjain/Desktop/International-Students-Portal/app/views/layouts/application.html.erb:5)
DEPRECATION WARNING: Extra .css in SCSS file is unnecessary. Rename /home/jjain/Desktop/International-Students-Portal/app/assets/stylesheets/main.css.scss to /home/jjain/Desktop/International-Students-Portal/app/assets/stylesheets/main.scss. (called from _app_views_layouts_application_html_erb___2437724663051118626_70145676712800 at /home/jjain/Desktop/International-Students-Portal/app/views/layouts/application.html.erb:5)
Completed 200 OK in 3562ms (Views: 3555.6ms | ActiveRecord: 0.0ms)


Started GET "/assets/application.self-702ac67ccddf1544ebd0e8301e265852a87d298802ebecbc6c7b79a503bc3719.css?body=1" for 127.0.0.1 at 2017-12-19 08:57:06 -0600


Started GET "/assets/jquery_ujs.self-784a997f6726036b1993eb2217c9cb558e1cbb801c6da88105588c56f13b466a.js?body=1" for 127.0.0.1 at 2017-12-19 08:57:06 -0600


Started GET "/assets/turbolinks.self-1d1fddf91adc38ac2045c51f0a3e05ca97d07d24d15a4dcbf705009106489e69.js?body=1" for 127.0.0.1 at 2017-12-19 08:57:06 -0600


Started GET "/assets/bootstrap/alert.self-742145c5bb847aafdadc6e339be795628f8bc25f177e851f03a8c42278eb0312.js?body=1" for 127.0.0.1 at 2017-12-19 08:57:06 -0600


Started GET "/assets/bootstrap/transition.self-6ad2488465135ab731a045a8ebbe3ea2fc501aed286042496eda1664fdd07ba9.js?body=1" for 127.0.0.1 at 2017-12-19 08:57:06 -0600


Started GET "/assets/bootstrap/button.self-126ac9bf0e7f2d8568f8da3a00fd5f0fac6eae0946331003370161fbf8d7975e.js?body=1" for 127.0.0.1 at 2017-12-19 08:57:06 -0600


Started GET "/assets/bootstrap/carousel.self-e47323f363ceb3dc0bdbce05e36e709ed428e339833a41140a85cb0af24b8127.js?body=1" for 127.0.0.1 at 2017-12-19 08:57:06 -0600


Started GET "/assets/bootstrap/collapse.self-2eb697f62b587bb786ff940d82dd4be88cdeeaf13ca128e3da3850c5fcaec301.js?body=1" for 127.0.0.1 at 2017-12-19 08:57:06 -0600


Started GET "/assets/bootstrap/dropdown.self-561cca1cbaf67474e01e9536f106bad541594860a6df997004591c1c1957a147.js?body=1" for 127.0.0.1 at 2017-12-19 08:57:06 -0600


Started GET "/assets/bootstrap/modal.self-3e78617ade5663314b7ee0ea10375a5b34d59ffbade44939e3f2a4e4ef2019b3.js?body=1" for 127.0.0.1 at 2017-12-19 08:57:06 -0600


Started GET "/assets/bootstrap/tab.self-5bf7078b682f8b131332eefa46b45fa5eff2eca745fc0d03e2991450888f7c28.js?body=1" for 127.0.0.1 at 2017-12-19 08:57:06 -0600


Started GET "/assets/bootstrap/affix.self-6d6f1a7fc5c8aabf3547fa1b794fab6268f54bc55ad815e55873c71f52513517.js?body=1" for 127.0.0.1 at 2017-12-19 08:57:06 -0600


Started GET "/assets/bootstrap/scrollspy.self-969f3c5f48cdf1e439c7fa1154c13b948715f5c689f87837c0b64521d3b46ef6.js?body=1" for 127.0.0.1 at 2017-12-19 08:57:06 -0600


Started GET "/assets/jquery.self-bd7ddd393353a8d2480a622e80342adf488fb6006d667e8b42e4c0073393abee.js?body=1" for 127.0.0.1 at 2017-12-19 08:57:06 -0600


Started GET "/assets/bootstrap/tooltip.self-05afb177e08f98997ccfc84fa08a215e4b27d48d5fe4d049080675e9dffd8199.js?body=1" for 127.0.0.1 at 2017-12-19 08:57:06 -0600


Started GET "/assets/bootstrap/popover.self-0aa93860b59fe7393f1dd490f54b3cb994f9d6155adffce034d4e14ae361b041.js?body=1" for 127.0.0.1 at 2017-12-19 08:57:06 -0600


Started GET "/assets/bootstrap-sprockets.self-fbfa5ad7d9aa0afe439ec4ff3883acc4cb92b62cb67c40d674320c9aa1d4642d.js?body=1" for 127.0.0.1 at 2017-12-19 08:57:06 -0600


Started GET "/assets/startup.self-877aef30ae1b040ab8a3aba4e3e309a11d7f2612f44dde450b5c157aa5f95c05.js?body=1" for 127.0.0.1 at 2017-12-19 08:57:06 -0600


Started GET "/assets/users.self-877aef30ae1b040ab8a3aba4e3e309a11d7f2612f44dde450b5c157aa5f95c05.js?body=1" for 127.0.0.1 at 2017-12-19 08:57:06 -0600


Started GET "/assets/welcome.self-877aef30ae1b040ab8a3aba4e3e309a11d7f2612f44dde450b5c157aa5f95c05.js?body=1" for 127.0.0.1 at 2017-12-19 08:57:06 -0600


Started GET "/assets/widgets.self-877aef30ae1b040ab8a3aba4e3e309a11d7f2612f44dde450b5c157aa5f95c05.js?body=1" for 127.0.0.1 at 2017-12-19 08:57:06 -0600


Started GET "/assets/bootstrap.self-aa035a144857819aa990a2630f4c251b0bfb37d227f16a2c6ac1b7efd656baac.js?body=1" for 127.0.0.1 at 2017-12-19 08:57:06 -0600


Started GET "/assets/bootstrap.min.self-f2d64b74536a49f843b022431e37325973468a71c9b362343deb0b6c582e5ba0.js?body=1" for 127.0.0.1 at 2017-12-19 08:57:06 -0600
  [1m[36mActiveRecord::SchemaMigration Load (0.3ms)[0m  [1mSELECT "schema_migrations".* FROM "schema_migrations"[0m


Started GET "/assets/modernizr-2.8.3-respond-1.4.2.min.self-449b0a850e39b645bfe220b51afebd7a93567fc3aa47b4964a2efe08a22a187f.js?body=1" for 127.0.0.1 at 2017-12-19 08:57:06 -0600


Started GET "/assets/jquery-1.11.2.min.self-cc83565074b3fa7f2283f7f4d56b90ad171ede87008448ed5d2e91c50575bed1.js?body=1" for 127.0.0.1 at 2017-12-19 08:57:06 -0600


Started GET "/assets/npm.self-f66d504f2cd5bddaaade9c854b02828e5e46d225517ab9feebe1af2615566b1e.js?body=1" for 127.0.0.1 at 2017-12-19 08:57:06 -0600


Started GET "/assets/application.self-aab2735aca51610e13a65e32b23656b4fbdb569598d6c919dd590a9d910f3557.js?body=1" for 127.0.0.1 at 2017-12-19 08:57:06 -0600


Started GET "/users" for 127.0.0.1 at 2017-12-19 08:57:21 -0600
Processing by UsersController#index as HTML
  [1m[35mUser Load (0.6ms)[0m  SELECT "users".* FROM "users"
  Rendered users/index.html.erb within layouts/application (4.1ms)
Completed 200 OK in 151ms (Views: 138.5ms | ActiveRecord: 1.2ms)


Started GET "/users/new" for 127.0.0.1 at 2017-12-19 08:58:52 -0600
Processing by UsersController#new as HTML
  Rendered users/_form.html.erb (27.3ms)
  Rendered users/new.html.erb within layouts/application (44.1ms)
Completed 200 OK in 101ms (Views: 93.0ms | ActiveRecord: 2.5ms)


Started GET "/users/" for 127.0.0.1 at 2017-12-19 08:59:42 -0600
Processing by UsersController#index as HTML
  [1m[35mUser Load (0.4ms)[0m  SELECT "users".* FROM "users"
  Rendered users/index.html.erb within layouts/application (1.8ms)
Completed 200 OK in 44ms (Views: 42.7ms | ActiveRecord: 0.4ms)
